{"sent":true,"message":"Sent to 51961498695@c.us","id":"true_51961498695@c.us_3EB048A2FE49E550D709","queueNumber":103}
{"sent":true,"message":"Sent to 51961498695@c.us","id":"true_51961498695@c.us_3EB01F85B91552C1512A","queueNumber":104}
{"sent":true,"message":"Sent to 51961498695@c.us","id":"true_51961498695@c.us_3EB0A631AE77D024F1E9","queueNumber":105}
{"sent":true,"message":"Sent to 51961498695@c.us","id":"true_51961498695@c.us_3EB0DB86475A36C9E557","queueNumber":106}
{"sent":true,"message":"Sent to 51961498695@c.us","id":"true_51961498695@c.us_3EB0AC07919EA1775E59","queueNumber":107}
{"sent":true,"message":"Sent to 51961498695@c.us","id":"true_51961498695@c.us_3EB05E437E0471670CC6","queueNumber":108}
{"sent":true,"message":"Sent to 51961498695@c.us","id":"true_51961498695@c.us_3EB058FE7F1992BD4DAE","queueNumber":109}
{"sent":true,"message":"Sent to 51961498695@c.us","id":"true_51961498695@c.us_3EB0346BFB65489AE9DD","queueNumber":884}
{"sent":true,"message":"Sent to 51961498695@c.us","id":"true_51961498695@c.us_3EB035381B0922BE3B1C","queueNumber":885}
{"sent":true,"message":"Sent to 51941179815@c.us","id":"true_51941179815@c.us_3EB0C62E3DDE5EC2DE3E","queueNumber":886}
{"sent":true,"message":"Sent to 51941179815@c.us","id":"true_51941179815@c.us_3EB0AF95B240F853BE1F","queueNumber":887}
{"sent":true,"message":"Sent to 51961498695@c.us","id":"true_51961498695@c.us_3EB08B9D2A95036CEA17","queueNumber":888}
{"sent":true,"message":"Sent to 51961498695@c.us","id":"true_51961498695@c.us_3EB072D6A21940675755","queueNumber":889}
{"sent":true,"message":"Sent to 51961498695@c.us","id":"true_51961498695@c.us_3EB05A984BD550AD0C37","queueNumber":890}
{"sent":true,"message":"Sent to 51961498695@c.us","id":"true_51961498695@c.us_3EB02E5FAB284066D148","queueNumber":891}
{"sent":true,"message":"Sent to 51961498695@c.us","id":"true_51961498695@c.us_3EB0CD05888E84765294","queueNumber":892}
{"sent":true,"message":"Sent to 51961498695@c.us","id":"true_51961498695@c.us_3EB080CDD1CD67F79AD3","queueNumber":893}
{"sent":true,"message":"Sent to 51961498695@c.us","id":"true_51961498695@c.us_3EB018EF5EBBF670278B","queueNumber":894}
{"sent":true,"message":"Sent to 51961498695@c.us","id":"true_51961498695@c.us_3EB0F3796E7153D3F872","queueNumber":895}
{"sent":true,"message":"Sent to 51961498695@c.us","id":"true_51961498695@c.us_3EB04982742900D2FCAD","queueNumber":896}
{"sent":true,"message":"Sent to 51961498695@c.us","id":"true_51961498695@c.us_3EB003CBBC233CA8A6BC","queueNumber":897}
{"sent":true,"message":"Sent to 51961498695@c.us","id":"true_51961498695@c.us_3EB09A8E97EA0AE085B1","queueNumber":898}
{"sent":true,"message":"Sent to 51961498695@c.us","id":"true_51961498695@c.us_3EB0023AEB519DB70C2C","queueNumber":899}
{"sent":true,"message":"Sent to 51961498695@c.us","id":"true_51961498695@c.us_3EB06DCA77E02D11529A","queueNumber":900}
{"sent":true,"message":"Sent to 51961498695@c.us","id":"true_51961498695@c.us_3EB0E1B4E978CEBA4ADF","queueNumber":901}
{"sent":true,"message":"Sent to 51961498695@c.us","id":"true_51961498695@c.us_3EB049565AC8F6E5C962","queueNumber":902}
{"sent":true,"message":"Sent to 51961498695@c.us","id":"true_51961498695@c.us_3EB0A083038152B14AAD","queueNumber":903}
{"sent":true,"message":"Sent to 51961498695@c.us","id":"true_51961498695@c.us_3EB0C43E07AC479465FB","queueNumber":904}
{"sent":true,"message":"Sent to 51961498695@c.us","id":"true_51961498695@c.us_3EB01A65D4C181B20F79","queueNumber":905}
{"sent":true,"message":"Sent to 51961498695@c.us","id":"true_51961498695@c.us_3EB02770D17CCC430057","queueNumber":906}
{"sent":true,"message":"Sent to 51961498695@c.us","id":"true_51961498695@c.us_3EB0D226D603F1BDBFC9","queueNumber":917}
{"sent":true,"message":"Sent to 51961498695@c.us","id":"true_51961498695@c.us_3EB074103542E7FDD619","queueNumber":918}
{"sent":true,"message":"Sent to 51961498695@c.us","id":"true_51961498695@c.us_3EB02B848D4682255F1B","queueNumber":919}
{"sent":true,"message":"Sent to 51961498695@c.us","id":"true_51961498695@c.us_3EB0BC28F0805607342F","queueNumber":920}
{"sent":true,"message":"Sent to 51961498695@c.us","id":"true_51961498695@c.us_3EB00690593209595127","queueNumber":921}
{"sent":true,"message":"Sent to 51961498695@c.us","id":"true_51961498695@c.us_3EB066D5E2309830499D","queueNumber":922}
{"sent":true,"message":"Sent to 51961498695@c.us","id":"true_51961498695@c.us_3EB0E9F8D354C94454D3","queueNumber":923}
{"sent":true,"message":"Sent to 51961498695@c.us","id":"true_51961498695@c.us_3EB0CC1305D564AA0AFE","queueNumber":924}
{"sent":true,"message":"Sent to 51961498695@c.us","id":"true_51961498695@c.us_3EB02370F555A4B709D4","queueNumber":928}
{"sent":true,"message":"Sent to 51961498695@c.us","id":"true_51961498695@c.us_3EB09D0818F10048D0AC","queueNumber":929}
{"sent":true,"message":"Sent to 51961498695@c.us","id":"true_51961498695@c.us_3EB071C4EA2565B0E89D","queueNumber":930}
{"sent":true,"message":"Sent to 51961498695@c.us","id":"true_51961498695@c.us_3EB0DF411496B66BF951","queueNumber":931}
{"sent":true,"message":"Sent to 51961498695@c.us","id":"true_51961498695@c.us_3EB0C02BE59AE2310241","queueNumber":932}
{"sent":true,"message":"Sent to 51961498695@c.us","id":"true_51961498695@c.us_3EB0697C7A613AEF18DB","queueNumber":934}
{"sent":true,"message":"Sent to 51961498695@c.us","id":"true_51961498695@c.us_3EB0E0FB5189C8243C82","queueNumber":936}
{"sent":true,"message":"Sent to 51961498695@c.us","id":"true_51961498695@c.us_3EB0CB5A5F9861655F1F","queueNumber":937}
{"sent":true,"message":"Sent to 51961498695@c.us","id":"true_51961498695@c.us_3EB0E499235F1E9AB75F","queueNumber":938}
{"sent":true,"message":"Sent to 51961498695@c.us","id":"true_51961498695@c.us_3EB05EAC71DB9D8468B6","queueNumber":939}
{"sent":true,"message":"Sent to 51961498695@c.us","id":"true_51961498695@c.us_3EB0FD41BC7A63B8CFF1","queueNumber":940}
{"sent":true,"message":"Sent to 51961498695@c.us","id":"true_51961498695@c.us_3EB029BA533A5FB7189F","queueNumber":941}
{"sent":true,"message":"Sent to 51961498695@c.us","id":"true_51961498695@c.us_3EB04F963FF59A1298E5","queueNumber":942}
{"sent":true,"message":"Sent to 51961498695@c.us","id":"true_51961498695@c.us_3EB09E4334BDBD61378B","queueNumber":943}
{"sent":true,"message":"Sent to 51961498695@c.us","id":"true_51961498695@c.us_3EB087FB2536B15577D3","queueNumber":944}
{"sent":true,"message":"Sent to 51961498695@c.us","id":"true_51961498695@c.us_3EB00B277D52ADDBCEB2","queueNumber":945}
{"sent":true,"message":"Sent to 51961498695@c.us","id":"true_51961498695@c.us_3EB0C26B41F693450134","queueNumber":947}
{"sent":true,"message":"Sent to 51961498695@c.us","id":"true_51961498695@c.us_3EB063D8B24D0CEFCFDA","queueNumber":948}
{"sent":true,"message":"Sent to 51961498695@c.us","id":"true_51961498695@c.us_3EB0F6E0B9CC790E1AAC","queueNumber":950}
{"sent":true,"message":"Sent to 51961498695@c.us","id":"true_51961498695@c.us_3EB03BAF1AADA9CE0096","queueNumber":951}
{"sent":true,"message":"Sent to 51961498695@c.us","id":"true_51961498695@c.us_3EB068E910ECF6BD5C33","queueNumber":953}
{"sent":true,"message":"Sent to 51961498695@c.us","id":"true_51961498695@c.us_3EB02F41EBFA4D36FEFF","queueNumber":954}
{"sent":true,"message":"Sent to 51961498695@c.us","id":"true_51961498695@c.us_3EB064A12DEEE23ACAC6","queueNumber":961}
{"sent":true,"message":"Sent to 51961498695@c.us","id":"true_51961498695@c.us_3EB015D7CC51DE917D47","queueNumber":962}
{"sent":true,"message":"Sent to 51961498695@c.us","id":"true_51961498695@c.us_3EB04542B414333E3032","queueNumber":963}
{"sent":true,"message":"Sent to 51961498695@c.us","id":"true_51961498695@c.us_3EB0414248C2EDCF0C7D","queueNumber":964}
{"sent":true,"message":"Sent to 51961498695@c.us","id":"true_51961498695@c.us_3EB0EFEAA8A033A436A0","queueNumber":965}
{"sent":true,"message":"Sent to 51961498695@c.us","id":"true_51961498695@c.us_3EB0105EC86497492FC0","queueNumber":966}
{"sent":true,"message":"Sent to 51961498695@c.us","id":"true_51961498695@c.us_3EB036C5212D9D7FF041","queueNumber":967}
{"sent":true,"message":"Sent to 51961498695@c.us","id":"true_51961498695@c.us_3EB0CEE27467A09FCA84","queueNumber":1238}
{"sent":true,"message":"Sent to 51961498695@c.us","id":"true_51961498695@c.us_3EB0E9B7417A58CA4D57","queueNumber":1322}
{"sent":true,"message":"Sent to 51961498695@c.us","id":"true_51961498695@c.us_3EB010BEB5368573F5DC","queueNumber":1323}
{"sent":true,"message":"Sent to 51961498695@c.us","id":"true_51961498695@c.us_3EB0BE51761AE1585BBA","queueNumber":1325}
{"sent":true,"message":"Sent to 51961498695@c.us","id":"true_51961498695@c.us_3EB0FF613FCA1469EEBB","queueNumber":1326}
{"sent":true,"message":"Sent to 51961498695@c.us","id":"true_51961498695@c.us_3EB065CFCAFFE6E50F79","queueNumber":1327}
{"sent":true,"message":"Sent to 51961498695@c.us","id":"true_51961498695@c.us_3EB014B8F8806DBBA80E","queueNumber":1328}
{"sent":true,"message":"Sent to 51961498695@c.us","id":"true_51961498695@c.us_3EB09CB9A1C8C364A6DD","queueNumber":1330}
{"sent":true,"message":"Sent to 51961498695@c.us","id":"true_51961498695@c.us_3EB0BEEDFD675115B942","queueNumber":1332}
{"sent":true,"message":"Sent to 51961498695@c.us","id":"true_51961498695@c.us_3EB01BF9BB843FD032E5","queueNumber":1334}
{"sent":true,"message":"Sent to 51961498695@c.us","id":"true_51961498695@c.us_3EB00A57FF0A18326A3A","queueNumber":1336}
{"sent":true,"message":"Sent to 51961498695@c.us","id":"true_51961498695@c.us_3EB08B04BE00BE59875F","queueNumber":1337}
{"sent":true,"message":"Sent to 51961498695@c.us","id":"true_51961498695@c.us_3EB0A69E52A6E70907F9","queueNumber":1338}
{"sent":true,"message":"Sent to 51941179815@c.us","id":"true_51941179815@c.us_3EB0F23FB3A578C47B89","queueNumber":1404}
{"sent":true,"message":"Sent to 51941179815@c.us","id":"true_51941179815@c.us_3EB0BB344971C4226A5B","queueNumber":1405}
{"sent":true,"message":"Sent to 51961498695@c.us","id":"true_51961498695@c.us_3EB06F4B8F948002106A","queueNumber":1407}
{"sent":true,"message":"Sent to 51961498695@c.us","id":"true_51961498695@c.us_3EB06CDD776F4EEE543B","queueNumber":1408}
{"sent":true,"message":"Sent to 51961498695@c.us","id":"true_51961498695@c.us_3EB02041FD8E74DFAD8E","queueNumber":1409}
{"sent":true,"message":"Sent to 51961498695@c.us","id":"true_51961498695@c.us_3EB006C484CEF8042EAA","queueNumber":1410}
{"sent":true,"message":"Sent to 51961498695@c.us","id":"true_51961498695@c.us_3EB0B00BEE8FA298B9BD","queueNumber":1411}
